2022-04-21 21:15:37.736  INFO 21756 --- [main] lavalink.server.Launcher                 : 

[32m       .  [31m _                  _ _       _    [32m__ _ _
[32m      /\\ [31m| | __ ___   ____ _| (_)_ __ | | __[32m\ \ \ \
[32m     ( ( )[31m| |/ _` \ \ / / _` | | | '_ \| |/ /[32m \ \ \ \
[32m      \\/ [31m| | (_| |\ V / (_| | | | | | |   < [32m  ) ) ) )
[32m       '  [31m|_|\__,_| \_/ \__,_|_|_|_| |_|_|\_\[32m / / / /
[0m    =========================================[32m/_/_/_/[0m

	Version:        3.4
	Build:          1257
	Build time:     26.10.2021 14:18:37 UTC
	Branch          master
	Commit:         a364833
	Commit time:    26.10.2021 14:15:20 UTC
	JVM:            18
	Lavaplayer      1.3.96-original

2022-04-21 21:15:37.816  INFO 21756 --- [main] lavalink.server.Launcher                 : Starting Launcher on PC-Jonas with PID 21756 (C:\Users\jonas\WebstormProjects\orangedb\Lavalink.jar started by jonas in C:\Users\jonas\WebstormProjects\orangedb)
2022-04-21 21:15:37.816  INFO 21756 --- [main] lavalink.server.Launcher                 : No active profile set, falling back to default profiles: default
2022-04-21 21:15:37.907  WARN 21756 --- [background-preinit] o.s.h.c.j.Jackson2ObjectMapperBuilder    : For Jackson Kotlin classes support please add "com.fasterxml.jackson.module:jackson-module-kotlin" to the classpath
2022-04-21 21:15:38.896  WARN 21756 --- [main] io.undertow.websockets.jsr               : UT026010: Buffer pool was not set on WebSocketDeploymentInfo, the default pool will be used
2022-04-21 21:15:38.912  INFO 21756 --- [main] io.undertow.servlet                      : Initializing Spring embedded WebApplicationContext
2022-04-21 21:15:38.912  INFO 21756 --- [main] o.s.web.context.ContextLoader            : Root WebApplicationContext: initialization completed in 1047 ms
2022-04-21 21:15:39.235  WARN 21756 --- [main] l.server.config.SentryConfiguration      : Turning off sentry
2022-04-21 21:15:39.492  INFO 21756 --- [main] c.s.d.l.tools.GarbageCollectionMonitor   : GC monitoring enabled, reporting results every 2 minutes.
2022-04-21 21:15:39.632  INFO 21756 --- [main] lavalink.server.config.KoeConfiguration  : OS: Windows 11, Arch: amd64
2022-04-21 21:15:39.637  WARN 21756 --- [main] lavalink.server.config.KoeConfiguration  : This system and architecture appears to not support native audio sending! GC pauses may cause your bot to stutter during playback.
2022-04-21 21:15:39.822  INFO 21756 --- [main] o.s.s.concurrent.ThreadPoolTaskExecutor  : Initializing ExecutorService 'applicationTaskExecutor'
2022-04-21 21:15:40.077  INFO 21756 --- [main] org.xnio                                 : XNIO version 3.3.8.Final
2022-04-21 21:15:40.087  INFO 21756 --- [main] org.xnio.nio                             : XNIO NIO Implementation Version 3.3.8.Final
2022-04-21 21:15:40.142  INFO 21756 --- [main] o.s.b.w.e.u.UndertowServletWebServer     : Undertow started on port(s) 3307 (http) with context path ''
2022-04-21 21:15:40.146  INFO 21756 --- [main] lavalink.server.Launcher                 : Started Launcher in 2.823 seconds (JVM running for 3.262)
2022-04-21 21:15:40.148  INFO 21756 --- [main] lavalink.server.Launcher                 : You can safely ignore the big red warning about illegal reflection. See https://github.com/freyacodes/Lavalink/issues/295
2022-04-21 21:31:26.216  INFO 21756 --- [Thread-1] o.s.s.concurrent.ThreadPoolTaskExecutor  : Shutting down ExecutorService 'applicationTaskExecutor'
2022-04-21 21:31:26.218  INFO 21756 --- [Thread-1] c.s.d.l.tools.GarbageCollectionMonitor   : GC monitoring disabled.
2022-04-21 22:54:23.369  INFO 4900 --- [main] lavalink.server.Launcher                 : 

[32m       .  [31m _                  _ _       _    [32m__ _ _
[32m      /\\ [31m| | __ ___   ____ _| (_)_ __ | | __[32m\ \ \ \
[32m     ( ( )[31m| |/ _` \ \ / / _` | | | '_ \| |/ /[32m \ \ \ \
[32m      \\/ [31m| | (_| |\ V / (_| | | | | | |   < [32m  ) ) ) )
[32m       '  [31m|_|\__,_| \_/ \__,_|_|_|_| |_|_|\_\[32m / / / /
[0m    =========================================[32m/_/_/_/[0m

	Version:        3.4
	Build:          1257
	Build time:     26.10.2021 14:18:37 UTC
	Branch          master
	Commit:         a364833
	Commit time:    26.10.2021 14:15:20 UTC
	JVM:            18
	Lavaplayer      1.3.96-original

2022-04-21 22:54:23.444  INFO 4900 --- [main] lavalink.server.Launcher                 : Starting Launcher on PC-Jonas with PID 4900 (C:\Users\jonas\WebstormProjects\orangedb\Lavalink.jar started by jonas in C:\Users\jonas\WebstormProjects\orangedb)
2022-04-21 22:54:23.445  INFO 4900 --- [main] lavalink.server.Launcher                 : No active profile set, falling back to default profiles: default
2022-04-21 22:54:23.537  WARN 4900 --- [background-preinit] o.s.h.c.j.Jackson2ObjectMapperBuilder    : For Jackson Kotlin classes support please add "com.fasterxml.jackson.module:jackson-module-kotlin" to the classpath
2022-04-21 22:54:24.429  WARN 4900 --- [main] io.undertow.websockets.jsr               : UT026010: Buffer pool was not set on WebSocketDeploymentInfo, the default pool will be used
2022-04-21 22:54:24.452  INFO 4900 --- [main] io.undertow.servlet                      : Initializing Spring embedded WebApplicationContext
2022-04-21 22:54:24.453  INFO 4900 --- [main] o.s.web.context.ContextLoader            : Root WebApplicationContext: initialization completed in 964 ms
2022-04-21 22:54:24.755  WARN 4900 --- [main] l.server.config.SentryConfiguration      : Turning off sentry
2022-04-21 22:54:24.973  INFO 4900 --- [main] c.s.d.l.tools.GarbageCollectionMonitor   : GC monitoring enabled, reporting results every 2 minutes.
2022-04-21 22:54:25.104  INFO 4900 --- [main] lavalink.server.config.KoeConfiguration  : OS: Windows 11, Arch: amd64
2022-04-21 22:54:25.104  WARN 4900 --- [main] lavalink.server.config.KoeConfiguration  : This system and architecture appears to not support native audio sending! GC pauses may cause your bot to stutter during playback.
2022-04-21 22:54:25.281  INFO 4900 --- [main] o.s.s.concurrent.ThreadPoolTaskExecutor  : Initializing ExecutorService 'applicationTaskExecutor'
2022-04-21 22:54:25.536  INFO 4900 --- [main] org.xnio                                 : XNIO version 3.3.8.Final
2022-04-21 22:54:25.546  INFO 4900 --- [main] org.xnio.nio                             : XNIO NIO Implementation Version 3.3.8.Final
2022-04-21 22:54:25.603  INFO 4900 --- [main] o.s.b.w.e.u.UndertowServletWebServer     : Undertow started on port(s) 7000 (http) with context path ''
2022-04-21 22:54:25.606  INFO 4900 --- [main] lavalink.server.Launcher                 : Started Launcher in 2.719 seconds (JVM running for 3.123)
2022-04-21 22:54:25.608  INFO 4900 --- [main] lavalink.server.Launcher                 : You can safely ignore the big red warning about illegal reflection. See https://github.com/freyacodes/Lavalink/issues/295
2022-04-21 23:00:35.351  INFO 21272 --- [main] lavalink.server.Launcher                 : 

[32m       .  [31m _                  _ _       _    [32m__ _ _
[32m      /\\ [31m| | __ ___   ____ _| (_)_ __ | | __[32m\ \ \ \
[32m     ( ( )[31m| |/ _` \ \ / / _` | | | '_ \| |/ /[32m \ \ \ \
[32m      \\/ [31m| | (_| |\ V / (_| | | | | | |   < [32m  ) ) ) )
[32m       '  [31m|_|\__,_| \_/ \__,_|_|_|_| |_|_|\_\[32m / / / /
[0m    =========================================[32m/_/_/_/[0m

	Version:        3.4
	Build:          1257
	Build time:     26.10.2021 14:18:37 UTC
	Branch          master
	Commit:         a364833
	Commit time:    26.10.2021 14:15:20 UTC
	JVM:            18
	Lavaplayer      1.3.96-original

2022-04-21 23:00:35.433  INFO 21272 --- [main] lavalink.server.Launcher                 : Starting Launcher on PC-Jonas with PID 21272 (C:\Users\jonas\WebstormProjects\orangedb\Lavalink.jar started by jonas in C:\Users\jonas\WebstormProjects\orangedb)
2022-04-21 23:00:35.434  INFO 21272 --- [main] lavalink.server.Launcher                 : No active profile set, falling back to default profiles: default
2022-04-21 23:00:35.524  WARN 21272 --- [background-preinit] o.s.h.c.j.Jackson2ObjectMapperBuilder    : For Jackson Kotlin classes support please add "com.fasterxml.jackson.module:jackson-module-kotlin" to the classpath
2022-04-21 23:00:36.478  WARN 21272 --- [main] io.undertow.websockets.jsr               : UT026010: Buffer pool was not set on WebSocketDeploymentInfo, the default pool will be used
2022-04-21 23:00:36.494  INFO 21272 --- [main] io.undertow.servlet                      : Initializing Spring embedded WebApplicationContext
2022-04-21 23:00:36.494  INFO 21272 --- [main] o.s.web.context.ContextLoader            : Root WebApplicationContext: initialization completed in 1016 ms
2022-04-21 23:00:36.752  WARN 21272 --- [main] l.server.config.SentryConfiguration      : Turning off sentry
2022-04-21 23:00:37.004  INFO 21272 --- [main] c.s.d.l.tools.GarbageCollectionMonitor   : GC monitoring enabled, reporting results every 2 minutes.
2022-04-21 23:00:37.166  INFO 21272 --- [main] lavalink.server.config.KoeConfiguration  : OS: Windows 11, Arch: amd64
2022-04-21 23:00:37.166  WARN 21272 --- [main] lavalink.server.config.KoeConfiguration  : This system and architecture appears to not support native audio sending! GC pauses may cause your bot to stutter during playback.
2022-04-21 23:00:37.359  INFO 21272 --- [main] o.s.s.concurrent.ThreadPoolTaskExecutor  : Initializing ExecutorService 'applicationTaskExecutor'
2022-04-21 23:00:37.627  INFO 21272 --- [main] org.xnio                                 : XNIO version 3.3.8.Final
2022-04-21 23:00:37.637  INFO 21272 --- [main] org.xnio.nio                             : XNIO NIO Implementation Version 3.3.8.Final
2022-04-21 23:00:37.701  INFO 21272 --- [main] ConditionEvaluationReportLoggingListener : 

Error starting ApplicationContext. To display the conditions report re-run your application with 'debug' enabled.
2022-04-21 23:00:37.704 ERROR 21272 --- [main] lavalink.server.Launcher                 : Application failed

org.springframework.boot.web.server.PortInUseException: Port 7000 is already in use
	at org.springframework.boot.web.embedded.undertow.UndertowServletWebServer.start(UndertowServletWebServer.java:154) ~[spring-boot-2.1.8.RELEASE.jar!/:2.1.8.RELEASE]
	at org.springframework.boot.web.servlet.context.ServletWebServerApplicationContext.startWebServer(ServletWebServerApplicationContext.java:297) ~[spring-boot-2.1.8.RELEASE.jar!/:2.1.8.RELEASE]
	at org.springframework.boot.web.servlet.context.ServletWebServerApplicationContext.finishRefresh(ServletWebServerApplicationContext.java:163) ~[spring-boot-2.1.8.RELEASE.jar!/:2.1.8.RELEASE]
	at org.springframework.context.support.AbstractApplicationContext.refresh(AbstractApplicationContext.java:552) ~[spring-context-5.1.9.RELEASE.jar!/:5.1.9.RELEASE]
	at org.springframework.boot.web.servlet.context.ServletWebServerApplicationContext.refresh(ServletWebServerApplicationContext.java:141) ~[spring-boot-2.1.8.RELEASE.jar!/:2.1.8.RELEASE]
	at org.springframework.boot.SpringApplication.refresh(SpringApplication.java:744) ~[spring-boot-2.1.8.RELEASE.jar!/:2.1.8.RELEASE]
	at org.springframework.boot.SpringApplication.refreshContext(SpringApplication.java:391) ~[spring-boot-2.1.8.RELEASE.jar!/:2.1.8.RELEASE]
	at org.springframework.boot.SpringApplication.run(SpringApplication.java:312) ~[spring-boot-2.1.8.RELEASE.jar!/:2.1.8.RELEASE]
	at lavalink.server.Launcher.main(Launcher.kt:127) ~[classes!/:na]
	at java.base/jdk.internal.reflect.DirectMethodHandleAccessor.invoke(DirectMethodHandleAccessor.java:104) ~[na:na]
	at java.base/java.lang.reflect.Method.invoke(Method.java:577) ~[na:na]
	at org.springframework.boot.loader.MainMethodRunner.run(MainMethodRunner.java:48) ~[Lavalink.jar:na]
	at org.springframework.boot.loader.Launcher.launch(Launcher.java:87) ~[Lavalink.jar:na]
	at org.springframework.boot.loader.Launcher.launch(Launcher.java:51) ~[Lavalink.jar:na]
	at org.springframework.boot.loader.JarLauncher.main(JarLauncher.java:52) ~[Lavalink.jar:na]

2022-04-21 23:00:37.707 ERROR 21272 --- [main] o.s.b.d.LoggingFailureAnalysisReporter   : 

***************************
APPLICATION FAILED TO START
***************************

Description:

Web server failed to start. Port 7000 was already in use.

Action:

Identify and stop the process that's listening on port 7000 or configure this application to listen on another port.

2022-04-21 23:00:37.710  INFO 21272 --- [main] o.s.s.concurrent.ThreadPoolTaskExecutor  : Shutting down ExecutorService 'applicationTaskExecutor'
2022-04-21 23:00:37.711  INFO 21272 --- [main] c.s.d.l.tools.GarbageCollectionMonitor   : GC monitoring disabled.
2022-04-21 23:01:08.388  INFO 11672 --- [main] lavalink.server.Launcher                 : 

[32m       .  [31m _                  _ _       _    [32m__ _ _
[32m      /\\ [31m| | __ ___   ____ _| (_)_ __ | | __[32m\ \ \ \
[32m     ( ( )[31m| |/ _` \ \ / / _` | | | '_ \| |/ /[32m \ \ \ \
[32m      \\/ [31m| | (_| |\ V / (_| | | | | | |   < [32m  ) ) ) )
[32m       '  [31m|_|\__,_| \_/ \__,_|_|_|_| |_|_|\_\[32m / / / /
[0m    =========================================[32m/_/_/_/[0m

	Version:        3.4
	Build:          1257
	Build time:     26.10.2021 14:18:37 UTC
	Branch          master
	Commit:         a364833
	Commit time:    26.10.2021 14:15:20 UTC
	JVM:            18
	Lavaplayer      1.3.96-original

2022-04-21 23:01:08.465  INFO 11672 --- [main] lavalink.server.Launcher                 : Starting Launcher on PC-Jonas with PID 11672 (C:\Users\jonas\WebstormProjects\orangedb\Lavalink.jar started by jonas in C:\Users\jonas\WebstormProjects\orangedb)
2022-04-21 23:01:08.465  INFO 11672 --- [main] lavalink.server.Launcher                 : No active profile set, falling back to default profiles: default
2022-04-21 23:01:08.559  WARN 11672 --- [background-preinit] o.s.h.c.j.Jackson2ObjectMapperBuilder    : For Jackson Kotlin classes support please add "com.fasterxml.jackson.module:jackson-module-kotlin" to the classpath
2022-04-21 23:01:09.466  WARN 11672 --- [main] io.undertow.websockets.jsr               : UT026010: Buffer pool was not set on WebSocketDeploymentInfo, the default pool will be used
2022-04-21 23:01:09.483  INFO 11672 --- [main] io.undertow.servlet                      : Initializing Spring embedded WebApplicationContext
2022-04-21 23:01:09.483  INFO 11672 --- [main] o.s.web.context.ContextLoader            : Root WebApplicationContext: initialization completed in 974 ms
2022-04-21 23:01:09.779  WARN 11672 --- [main] l.server.config.SentryConfiguration      : Turning off sentry
2022-04-21 23:01:10.014  INFO 11672 --- [main] c.s.d.l.tools.GarbageCollectionMonitor   : GC monitoring enabled, reporting results every 2 minutes.
2022-04-21 23:01:10.171  INFO 11672 --- [main] lavalink.server.config.KoeConfiguration  : OS: Windows 11, Arch: amd64
2022-04-21 23:01:10.172  WARN 11672 --- [main] lavalink.server.config.KoeConfiguration  : This system and architecture appears to not support native audio sending! GC pauses may cause your bot to stutter during playback.
2022-04-21 23:01:10.381  INFO 11672 --- [main] o.s.s.concurrent.ThreadPoolTaskExecutor  : Initializing ExecutorService 'applicationTaskExecutor'
2022-04-21 23:01:10.651  INFO 11672 --- [main] org.xnio                                 : XNIO version 3.3.8.Final
2022-04-21 23:01:10.659  INFO 11672 --- [main] org.xnio.nio                             : XNIO NIO Implementation Version 3.3.8.Final
2022-04-21 23:01:10.703  INFO 11672 --- [main] o.s.b.w.e.u.UndertowServletWebServer     : Undertow started on port(s) 3307 (http) with context path ''
2022-04-21 23:01:10.706  INFO 11672 --- [main] lavalink.server.Launcher                 : Started Launcher in 2.82 seconds (JVM running for 3.204)
2022-04-21 23:01:10.708  INFO 11672 --- [main] lavalink.server.Launcher                 : You can safely ignore the big red warning about illegal reflection. See https://github.com/freyacodes/Lavalink/issues/295
2022-04-21 23:10:34.085  INFO 11672 --- [Thread-1] o.s.s.concurrent.ThreadPoolTaskExecutor  : Shutting down ExecutorService 'applicationTaskExecutor'
2022-04-21 23:10:34.087  INFO 11672 --- [Thread-1] c.s.d.l.tools.GarbageCollectionMonitor   : GC monitoring disabled.
2022-04-21 23:10:35.865  INFO 34800 --- [main] lavalink.server.Launcher                 : 

[32m       .  [31m _                  _ _       _    [32m__ _ _
[32m      /\\ [31m| | __ ___   ____ _| (_)_ __ | | __[32m\ \ \ \
[32m     ( ( )[31m| |/ _` \ \ / / _` | | | '_ \| |/ /[32m \ \ \ \
[32m      \\/ [31m| | (_| |\ V / (_| | | | | | |   < [32m  ) ) ) )
[32m       '  [31m|_|\__,_| \_/ \__,_|_|_|_| |_|_|\_\[32m / / / /
[0m    =========================================[32m/_/_/_/[0m

	Version:        3.4
	Build:          1257
	Build time:     26.10.2021 14:18:37 UTC
	Branch          master
	Commit:         a364833
	Commit time:    26.10.2021 14:15:20 UTC
	JVM:            18
	Lavaplayer      1.3.96-original

2022-04-21 23:10:35.954  INFO 34800 --- [main] lavalink.server.Launcher                 : Starting Launcher on PC-Jonas with PID 34800 (C:\Users\jonas\WebstormProjects\orangedb\Lavalink.jar started by jonas in C:\Users\jonas\WebstormProjects\orangedb)
2022-04-21 23:10:35.955  INFO 34800 --- [main] lavalink.server.Launcher                 : No active profile set, falling back to default profiles: default
2022-04-21 23:10:36.045  WARN 34800 --- [background-preinit] o.s.h.c.j.Jackson2ObjectMapperBuilder    : For Jackson Kotlin classes support please add "com.fasterxml.jackson.module:jackson-module-kotlin" to the classpath
2022-04-21 23:10:36.937  WARN 34800 --- [main] io.undertow.websockets.jsr               : UT026010: Buffer pool was not set on WebSocketDeploymentInfo, the default pool will be used
2022-04-21 23:10:36.958  INFO 34800 --- [main] io.undertow.servlet                      : Initializing Spring embedded WebApplicationContext
2022-04-21 23:10:36.958  INFO 34800 --- [main] o.s.web.context.ContextLoader            : Root WebApplicationContext: initialization completed in 957 ms
2022-04-21 23:10:37.225  WARN 34800 --- [main] l.server.config.SentryConfiguration      : Turning off sentry
2022-04-21 23:10:37.450  INFO 34800 --- [main] c.s.d.l.tools.GarbageCollectionMonitor   : GC monitoring enabled, reporting results every 2 minutes.
2022-04-21 23:10:37.584  INFO 34800 --- [main] lavalink.server.config.KoeConfiguration  : OS: Windows 11, Arch: amd64
2022-04-21 23:10:37.585  WARN 34800 --- [main] lavalink.server.config.KoeConfiguration  : This system and architecture appears to not support native audio sending! GC pauses may cause your bot to stutter during playback.
2022-04-21 23:10:37.779  INFO 34800 --- [main] o.s.s.concurrent.ThreadPoolTaskExecutor  : Initializing ExecutorService 'applicationTaskExecutor'
2022-04-21 23:10:38.035  INFO 34800 --- [main] org.xnio                                 : XNIO version 3.3.8.Final
2022-04-21 23:10:38.044  INFO 34800 --- [main] org.xnio.nio                             : XNIO NIO Implementation Version 3.3.8.Final
2022-04-21 23:10:38.096  INFO 34800 --- [main] o.s.b.w.e.u.UndertowServletWebServer     : Undertow started on port(s) 3307 (http) with context path ''
2022-04-21 23:10:38.099  INFO 34800 --- [main] lavalink.server.Launcher                 : Started Launcher in 2.628 seconds (JVM running for 3.019)
2022-04-21 23:10:38.101  INFO 34800 --- [main] lavalink.server.Launcher                 : You can safely ignore the big red warning about illegal reflection. See https://github.com/freyacodes/Lavalink/issues/295
2022-04-21 23:16:33.783  INFO 34800 --- [XNIO-1 task-1] io.undertow.servlet                      : Initializing Spring DispatcherServlet 'dispatcherServlet'
2022-04-21 23:16:33.784  INFO 34800 --- [XNIO-1 task-1] o.s.web.servlet.DispatcherServlet        : Initializing Servlet 'dispatcherServlet'
2022-04-21 23:16:33.790  INFO 34800 --- [XNIO-1 task-1] o.s.web.servlet.DispatcherServlet        : Completed initialization in 6 ms
2022-04-21 23:16:33.807  INFO 34800 --- [XNIO-1 task-1] l.server.io.HandshakeInterceptorImpl     : Incoming connection from /[0:0:0:0:0:0:0:1]:64141
2022-04-21 23:16:33.863  INFO 34800 --- [XNIO-1 task-1] lavalink.server.io.SocketServer          : Connection successfully established from erela.js
2022-04-21 23:16:44.412  INFO 34800 --- [XNIO-1 I/O-15] lavalink.server.io.SocketServer          : {"op":"volume","guildId":"841990439384907807","volume":100}
2022-04-21 23:17:13.460  INFO 34800 --- [XNIO-1 I/O-15] lavalink.server.io.SocketServer          : Connection closed from /[0:0:0:0:0:0:0:1]:64141 -- CloseStatus[code=1006, reason=]
2022-04-21 23:17:13.460  INFO 34800 --- [XNIO-1 I/O-15] lavalink.server.io.SocketContext         : Shutting down 0 playing players.
2022-04-21 23:17:37.070  INFO 34800 --- [XNIO-1 task-2] l.server.io.HandshakeInterceptorImpl     : Incoming connection from /[0:0:0:0:0:0:0:1]:51788
2022-04-21 23:17:37.073  INFO 34800 --- [XNIO-1 task-2] lavalink.server.io.SocketServer          : Connection successfully established from erela.js
2022-04-21 23:17:59.464  INFO 34800 --- [XNIO-1 I/O-8] lavalink.server.io.SocketServer          : Connection closed from /[0:0:0:0:0:0:0:1]:51788 -- CloseStatus[code=1006, reason=]
2022-04-21 23:17:59.465  INFO 34800 --- [XNIO-1 I/O-8] lavalink.server.io.SocketContext         : Shutting down 0 playing players.
2022-04-21 23:18:01.359  INFO 34800 --- [XNIO-1 task-3] l.server.io.HandshakeInterceptorImpl     : Incoming connection from /[0:0:0:0:0:0:0:1]:51792
2022-04-21 23:18:01.362  INFO 34800 --- [XNIO-1 task-3] lavalink.server.io.SocketServer          : Connection successfully established from erela.js
2022-04-21 23:19:03.920  INFO 34800 --- [XNIO-1 I/O-4] lavalink.server.io.SocketServer          : Connection closed from /[0:0:0:0:0:0:0:1]:51792 -- CloseStatus[code=1006, reason=]
2022-04-21 23:19:03.921  INFO 34800 --- [XNIO-1 I/O-4] lavalink.server.io.SocketContext         : Shutting down 0 playing players.
2022-04-21 23:19:05.784  INFO 34800 --- [XNIO-1 task-4] l.server.io.HandshakeInterceptorImpl     : Incoming connection from /[0:0:0:0:0:0:0:1]:51798
2022-04-21 23:19:05.786  INFO 34800 --- [XNIO-1 task-4] lavalink.server.io.SocketServer          : Connection successfully established from erela.js
2022-04-21 23:19:10.954  INFO 34800 --- [XNIO-1 I/O-14] lavalink.server.io.SocketServer          : {"op":"volume","guildId":"841990439384907807","volume":100}
2022-04-21 23:19:11.501  INFO 34800 --- [XNIO-1 I/O-14] lavalink.server.io.SocketServer          : {"sessionId":"309fd9f2cb763b342c24192e0ef5ae01","op":"voiceUpdate","guildId":"841990439384907807","event":{"token":"89ac88a4639ba032","guild_id":"841990439384907807","endpoint":"rotterdam9626.discord.media:443"}}
2022-04-21 23:27:44.483  INFO 34800 --- [XNIO-1 I/O-14] lavalink.server.io.SocketServer          : {"sessionId":"309fd9f2cb763b342c24192e0ef5ae01","op":"voiceUpdate","guildId":"841990439384907807","event":{"token":"89ac88a4639ba032","guild_id":"841990439384907807","endpoint":"rotterdam9626.discord.media:443"}}
2022-04-21 23:27:54.425  INFO 34800 --- [XNIO-1 I/O-14] lavalink.server.io.SocketServer          : {"sessionId":"309fd9f2cb763b342c24192e0ef5ae01","op":"voiceUpdate","guildId":"841990439384907807","event":{"token":"89ac88a4639ba032","guild_id":"841990439384907807","endpoint":"rotterdam9626.discord.media:443"}}
2022-04-21 23:27:54.526  INFO 34800 --- [XNIO-1 I/O-14] lavalink.server.io.SocketServer          : {"sessionId":"309fd9f2cb763b342c24192e0ef5ae01","op":"voiceUpdate","guildId":"841990439384907807","event":{"token":"3d9a893946c27a11","guild_id":"841990439384907807","endpoint":"rotterdam9626.discord.media:443"}}
2022-04-21 23:30:03.696  INFO 34800 --- [XNIO-1 I/O-14] lavalink.server.io.SocketServer          : Connection closed from /[0:0:0:0:0:0:0:1]:51798 -- CloseStatus[code=1006, reason=]
2022-04-21 23:30:03.696  INFO 34800 --- [XNIO-1 I/O-14] lavalink.server.io.SocketContext         : Shutting down 0 playing players.
2022-04-21 23:30:05.659  INFO 34800 --- [XNIO-1 task-5] l.server.io.HandshakeInterceptorImpl     : Incoming connection from /[0:0:0:0:0:0:0:1]:54339
2022-04-21 23:30:05.665  INFO 34800 --- [XNIO-1 task-5] lavalink.server.io.SocketServer          : Connection successfully established from erela.js
2022-04-21 23:30:39.738  INFO 34800 --- [XNIO-1 I/O-9] lavalink.server.io.SocketServer          : Connection closed from /[0:0:0:0:0:0:0:1]:54339 -- CloseStatus[code=1006, reason=]
2022-04-21 23:30:39.738  INFO 34800 --- [XNIO-1 I/O-9] lavalink.server.io.SocketContext         : Shutting down 0 playing players.
2022-04-21 23:30:41.608  INFO 34800 --- [XNIO-1 task-6] l.server.io.HandshakeInterceptorImpl     : Incoming connection from /[0:0:0:0:0:0:0:1]:54343
2022-04-21 23:30:41.610  INFO 34800 --- [XNIO-1 task-6] lavalink.server.io.SocketServer          : Connection successfully established from erela.js
2022-04-21 23:32:07.942  INFO 34800 --- [XNIO-1 I/O-5] lavalink.server.io.SocketServer          : Connection closed from /[0:0:0:0:0:0:0:1]:54343 -- CloseStatus[code=1006, reason=]
2022-04-21 23:32:07.943  INFO 34800 --- [XNIO-1 I/O-5] lavalink.server.io.SocketContext         : Shutting down 0 playing players.
2022-04-21 23:32:09.912  INFO 34800 --- [XNIO-1 task-7] l.server.io.HandshakeInterceptorImpl     : Incoming connection from /[0:0:0:0:0:0:0:1]:54356
2022-04-21 23:32:09.914  INFO 34800 --- [XNIO-1 task-7] lavalink.server.io.SocketServer          : Connection successfully established from erela.js
2022-04-21 23:32:27.993  INFO 34800 --- [XNIO-1 task-8] l.server.player.AudioLoaderRestHandler   : Got request to load for identifier "ytsearch:pride"
2022-04-21 23:32:28.683  INFO 34800 --- [lava-daemon-pool-info-loader-2-thread-1] lavalink.server.player.AudioLoader       : Loaded playlist Search results for: pride
2022-04-21 23:35:03.981  INFO 34800 --- [XNIO-1 I/O-16] lavalink.server.io.SocketServer          : Connection closed from /[0:0:0:0:0:0:0:1]:54356 -- CloseStatus[code=1006, reason=]
2022-04-21 23:35:03.982  INFO 34800 --- [XNIO-1 I/O-16] lavalink.server.io.SocketContext         : Shutting down 0 playing players.
2022-04-21 23:35:05.934  INFO 34800 --- [XNIO-1 task-10] l.server.io.HandshakeInterceptorImpl     : Incoming connection from /[0:0:0:0:0:0:0:1]:54366
2022-04-21 23:35:05.937  INFO 34800 --- [XNIO-1 task-10] lavalink.server.io.SocketServer          : Connection successfully established from erela.js
2022-04-21 23:35:10.207  INFO 34800 --- [XNIO-1 task-11] l.server.player.AudioLoaderRestHandler   : Got request to load for identifier "ytsearch:pride"
2022-04-21 23:35:10.609  INFO 34800 --- [lava-daemon-pool-info-loader-2-thread-1] lavalink.server.player.AudioLoader       : Loaded playlist Search results for: pride
2022-04-21 23:39:07.833  INFO 34800 --- [XNIO-1 I/O-6] lavalink.server.io.SocketServer          : Connection closed from /[0:0:0:0:0:0:0:1]:54366 -- CloseStatus[code=1006, reason=]
2022-04-21 23:39:07.833  INFO 34800 --- [XNIO-1 I/O-6] lavalink.server.io.SocketContext         : Shutting down 0 playing players.
2022-04-21 23:39:09.894  INFO 34800 --- [XNIO-1 task-13] l.server.io.HandshakeInterceptorImpl     : Incoming connection from /[0:0:0:0:0:0:0:1]:54394
2022-04-21 23:39:09.896  INFO 34800 --- [XNIO-1 task-13] lavalink.server.io.SocketServer          : Connection successfully established from erela.js
2022-04-21 23:39:14.550  INFO 34800 --- [XNIO-1 task-14] l.server.player.AudioLoaderRestHandler   : Got request to load for identifier "ytsearch:pride"
2022-04-21 23:39:15.080  INFO 34800 --- [lava-daemon-pool-info-loader-2-thread-1] lavalink.server.player.AudioLoader       : Loaded playlist Search results for: pride
2022-04-21 23:39:27.956  INFO 34800 --- [XNIO-1 task-16] l.server.player.AudioLoaderRestHandler   : Got request to load for identifier "ytsearch:pride"
2022-04-21 23:39:28.389  INFO 34800 --- [lava-daemon-pool-info-loader-2-thread-1] lavalink.server.player.AudioLoader       : Loaded playlist Search results for: pride
2022-04-21 23:39:39.826  INFO 34800 --- [XNIO-1 task-18] l.server.player.AudioLoaderRestHandler   : Got request to load for identifier "ytsearch:this is the life"
2022-04-21 23:39:40.411  INFO 34800 --- [lava-daemon-pool-info-loader-2-thread-1] lavalink.server.player.AudioLoader       : Loaded playlist Search results for: this is the life
2022-04-21 23:40:03.139  INFO 34800 --- [XNIO-1 task-20] l.server.player.AudioLoaderRestHandler   : Got request to load for identifier "ytsearch:this is the life"
2022-04-21 23:40:03.539  INFO 34800 --- [lava-daemon-pool-info-loader-2-thread-1] lavalink.server.player.AudioLoader       : Loaded playlist Search results for: this is the life
2022-04-21 23:44:57.467  INFO 34800 --- [XNIO-1 I/O-10] lavalink.server.io.SocketServer          : Connection closed from /[0:0:0:0:0:0:0:1]:54394 -- CloseStatus[code=1006, reason=]
2022-04-21 23:44:57.467  INFO 34800 --- [XNIO-1 I/O-10] lavalink.server.io.SocketContext         : Shutting down 0 playing players.
2022-04-21 23:44:59.586  INFO 34800 --- [XNIO-1 task-22] l.server.io.HandshakeInterceptorImpl     : Incoming connection from /[0:0:0:0:0:0:0:1]:54422
2022-04-21 23:44:59.589  INFO 34800 --- [XNIO-1 task-22] lavalink.server.io.SocketServer          : Connection successfully established from erela.js
2022-04-21 23:45:26.680  INFO 34800 --- [XNIO-1 task-23] l.server.player.AudioLoaderRestHandler   : Got request to load for identifier "ytsearch:this is the life"
2022-04-21 23:45:27.310  INFO 34800 --- [lava-daemon-pool-info-loader-2-thread-1] lavalink.server.player.AudioLoader       : Loaded playlist Search results for: this is the life
2022-04-21 23:46:12.183  INFO 34800 --- [XNIO-1 I/O-14] lavalink.server.io.SocketServer          : Connection closed from /[0:0:0:0:0:0:0:1]:54422 -- CloseStatus[code=1006, reason=]
2022-04-21 23:46:12.184  INFO 34800 --- [XNIO-1 I/O-14] lavalink.server.io.SocketContext         : Shutting down 0 playing players.
2022-04-21 23:46:14.201  INFO 34800 --- [XNIO-1 task-25] l.server.io.HandshakeInterceptorImpl     : Incoming connection from /[0:0:0:0:0:0:0:1]:57116
2022-04-21 23:46:14.203  INFO 34800 --- [XNIO-1 task-25] lavalink.server.io.SocketServer          : Connection successfully established from erela.js
2022-04-21 23:46:21.885  INFO 34800 --- [XNIO-1 task-26] l.server.player.AudioLoaderRestHandler   : Got request to load for identifier "ytsearch:this is the life"
2022-04-21 23:46:22.522  INFO 34800 --- [lava-daemon-pool-info-loader-2-thread-1] lavalink.server.player.AudioLoader       : Loaded playlist Search results for: this is the life
2022-04-21 23:48:26.696  INFO 34800 --- [XNIO-1 I/O-8] lavalink.server.io.SocketServer          : Connection closed from /[0:0:0:0:0:0:0:1]:57116 -- CloseStatus[code=1006, reason=]
2022-04-21 23:48:26.696  INFO 34800 --- [XNIO-1 I/O-8] lavalink.server.io.SocketContext         : Shutting down 0 playing players.
2022-04-21 23:48:28.629  INFO 34800 --- [XNIO-1 task-28] l.server.io.HandshakeInterceptorImpl     : Incoming connection from /[0:0:0:0:0:0:0:1]:61395
2022-04-21 23:48:28.632  INFO 34800 --- [XNIO-1 task-28] lavalink.server.io.SocketServer          : Connection successfully established from erela.js
2022-04-21 23:48:34.039  INFO 34800 --- [XNIO-1 task-29] l.server.player.AudioLoaderRestHandler   : Got request to load for identifier "ytsearch:this is the life"
2022-04-21 23:48:34.590  INFO 34800 --- [lava-daemon-pool-info-loader-2-thread-1] lavalink.server.player.AudioLoader       : Loaded playlist Search results for: this is the life
2022-04-21 23:51:45.185  INFO 34800 --- [XNIO-1 I/O-9] lavalink.server.io.SocketServer          : Connection closed from /[0:0:0:0:0:0:0:1]:61395 -- CloseStatus[code=1006, reason=]
2022-04-21 23:51:45.185  INFO 34800 --- [XNIO-1 I/O-9] lavalink.server.io.SocketContext         : Shutting down 0 playing players.
2022-04-21 23:51:47.118  INFO 34800 --- [XNIO-1 task-31] l.server.io.HandshakeInterceptorImpl     : Incoming connection from /[0:0:0:0:0:0:0:1]:63900
2022-04-21 23:51:47.122  INFO 34800 --- [XNIO-1 task-31] lavalink.server.io.SocketServer          : Connection successfully established from erela.js
2022-04-21 23:51:50.541  INFO 34800 --- [XNIO-1 I/O-8] lavalink.server.io.SocketServer          : {"op":"volume","guildId":"841990439384907807","volume":100}
2022-04-21 23:51:51.100  INFO 34800 --- [XNIO-1 I/O-8] lavalink.server.io.SocketServer          : {"sessionId":"54d580c8720012ebd1544b8525c960a3","op":"voiceUpdate","guildId":"841990439384907807","event":{"token":"6e52b63e18e31cae","guild_id":"841990439384907807","endpoint":"rotterdam9626.discord.media:443"}}
2022-04-21 23:51:56.721  INFO 34800 --- [XNIO-1 task-32] l.server.player.AudioLoaderRestHandler   : Got request to load for identifier "ytsearch:this is the life"
2022-04-21 23:51:57.234  INFO 34800 --- [lava-daemon-pool-info-loader-2-thread-1] lavalink.server.player.AudioLoader       : Loaded playlist Search results for: this is the life
2022-04-21 23:51:59.287  INFO 34800 --- [XNIO-1 I/O-8] lavalink.server.io.SocketServer          : {"op":"play","guildId":"841990439384907807","track":"QAAAmAIAMUFteSBNYWNkb25hbGQgLSBUaGlzIElzIFRoZSBMaWZlIChPZmZpY2lhbCBWaWRlbykADUFteSBNYWNkb25hbGQAAAAAAAMBiAALaVJZdnVTOU94ZEEAAQAraHR0cHM6Ly93d3cueW91dHViZS5jb20vd2F0Y2g/dj1pUll2dVM5T3hkQQAHeW91dHViZQAAAAAAAAAA"}
2022-04-21 23:51:59.297  INFO 34800 --- [XNIO-1 I/O-8] lavalink.server.io.SocketServer          : Connection closed from /[0:0:0:0:0:0:0:1]:63900 -- CloseStatus[code=1006, reason=]
2022-04-21 23:51:59.297  INFO 34800 --- [XNIO-1 I/O-8] lavalink.server.io.SocketContext         : Shutting down 1 playing players.
2022-04-21 23:52:34.098  INFO 34800 --- [XNIO-1 task-34] l.server.io.HandshakeInterceptorImpl     : Incoming connection from /[0:0:0:0:0:0:0:1]:63909
2022-04-21 23:52:34.101  INFO 34800 --- [XNIO-1 task-34] lavalink.server.io.SocketServer          : Connection successfully established from erela.js
2022-04-21 23:52:41.206  INFO 34800 --- [XNIO-1 I/O-7] lavalink.server.io.SocketServer          : {"op":"volume","guildId":"841990439384907807","volume":100}
2022-04-21 23:52:41.447  INFO 34800 --- [XNIO-1 I/O-7] lavalink.server.io.SocketServer          : {"sessionId":"a4131406b484a2dec73ff5f02063ef97","op":"voiceUpdate","guildId":"841990439384907807","event":{"token":"910e23f853f72592","guild_id":"841990439384907807","endpoint":"rotterdam9626.discord.media:443"}}
2022-04-21 23:52:47.768  INFO 34800 --- [XNIO-1 task-35] l.server.player.AudioLoaderRestHandler   : Got request to load for identifier "ytsearch:this is the life"
2022-04-21 23:52:48.303  INFO 34800 --- [lava-daemon-pool-info-loader-2-thread-1] lavalink.server.player.AudioLoader       : Loaded playlist Search results for: this is the life
2022-04-21 23:52:50.575  INFO 34800 --- [XNIO-1 I/O-7] lavalink.server.io.SocketServer          : {"op":"play","guildId":"841990439384907807","track":"QAAAmAIAMUFteSBNYWNkb25hbGQgLSBUaGlzIElzIFRoZSBMaWZlIChPZmZpY2lhbCBWaWRlbykADUFteSBNYWNkb25hbGQAAAAAAAMBiAALaVJZdnVTOU94ZEEAAQAraHR0cHM6Ly93d3cueW91dHViZS5jb20vd2F0Y2g/dj1pUll2dVM5T3hkQQAHeW91dHViZQAAAAAAAAAA"}
2022-04-21 23:56:07.271  INFO 34800 --- [XNIO-1 I/O-7] lavalink.server.io.SocketServer          : Connection closed from /[0:0:0:0:0:0:0:1]:63909 -- CloseStatus[code=1006, reason=]
2022-04-21 23:56:07.272  INFO 34800 --- [XNIO-1 I/O-7] lavalink.server.io.SocketContext         : Shutting down 0 playing players.
2022-04-22 00:00:07.683  INFO 34800 --- [XNIO-1 task-37] l.server.io.HandshakeInterceptorImpl     : Incoming connection from /[0:0:0:0:0:0:0:1]:52283
2022-04-22 00:00:07.690  INFO 34800 --- [XNIO-1 task-37] lavalink.server.io.SocketServer          : Connection successfully established from erela.js
2022-04-22 00:00:10.508  INFO 34800 --- [XNIO-1 I/O-1] lavalink.server.io.SocketServer          : {"op":"volume","guildId":"841990439384907807","volume":100}
2022-04-22 00:00:11.067  INFO 34800 --- [XNIO-1 I/O-1] lavalink.server.io.SocketServer          : {"sessionId":"cf5a400b87db45e43ff3b8ae1200b22d","op":"voiceUpdate","guildId":"841990439384907807","event":{"token":"1dc30dea86347edc","guild_id":"841990439384907807","endpoint":"rotterdam9626.discord.media:443"}}
2022-04-22 00:00:13.709  INFO 34800 --- [XNIO-1 task-38] l.server.player.AudioLoaderRestHandler   : Got request to load for identifier "ytsearch:"
2022-04-22 00:00:14.141  INFO 34800 --- [lava-daemon-pool-info-loader-2-thread-1] lavalink.server.player.AudioLoader       : Loaded playlist Search results for: 
2022-04-22 00:00:20.642  INFO 34800 --- [XNIO-1 task-40] l.server.player.AudioLoaderRestHandler   : Got request to load for identifier "ytsearch:this is the life"
2022-04-22 00:00:21.107  INFO 34800 --- [lava-daemon-pool-info-loader-2-thread-1] lavalink.server.player.AudioLoader       : Loaded playlist Search results for: this is the life
2022-04-22 00:00:38.351  INFO 34800 --- [XNIO-1 I/O-1] lavalink.server.io.SocketServer          : {"sessionId":"cf5a400b87db45e43ff3b8ae1200b22d","op":"voiceUpdate","guildId":"841990439384907807","event":{"token":"1dc30dea86347edc","guild_id":"841990439384907807","endpoint":"rotterdam9626.discord.media:443"}}
2022-04-22 00:00:49.049  INFO 34800 --- [XNIO-1 task-42] l.server.player.AudioLoaderRestHandler   : Got request to load for identifier "ytsearch:this is the life"
2022-04-22 00:00:49.657  INFO 34800 --- [lava-daemon-pool-info-loader-2-thread-1] lavalink.server.player.AudioLoader       : Loaded playlist Search results for: this is the life
2022-04-22 00:03:06.292  INFO 34800 --- [XNIO-1 I/O-1] lavalink.server.io.SocketServer          : {"sessionId":"cf5a400b87db45e43ff3b8ae1200b22d","op":"voiceUpdate","guildId":"841990439384907807","event":{"token":"1dc30dea86347edc","guild_id":"841990439384907807","endpoint":"rotterdam9626.discord.media:443"}}
2022-04-22 00:03:06.727  INFO 34800 --- [XNIO-1 I/O-1] lavalink.server.io.SocketServer          : {"sessionId":"cf5a400b87db45e43ff3b8ae1200b22d","op":"voiceUpdate","guildId":"841990439384907807","event":{"token":"f968721349f05de7","guild_id":"841990439384907807","endpoint":"rotterdam9626.discord.media:443"}}
2022-04-22 00:03:09.730  INFO 34800 --- [XNIO-1 I/O-1] lavalink.server.io.SocketServer          : {"sessionId":"cf5a400b87db45e43ff3b8ae1200b22d","op":"voiceUpdate","guildId":"841990439384907807","event":{"token":"f968721349f05de7","guild_id":"841990439384907807","endpoint":"rotterdam9626.discord.media:443"}}
2022-04-22 00:03:29.958  INFO 34800 --- [XNIO-1 I/O-1] lavalink.server.io.SocketServer          : {"op":"volume","guildId":"771331659953602601","volume":100}
2022-04-22 00:03:30.204  INFO 34800 --- [XNIO-1 I/O-1] lavalink.server.io.SocketServer          : {"sessionId":"cf5a400b87db45e43ff3b8ae1200b22d","op":"voiceUpdate","guildId":"771331659953602601","event":{"token":"a5544097031e1fa4","guild_id":"771331659953602601","endpoint":"rotterdam6012.discord.media:443"}}
2022-04-22 00:03:35.552  INFO 34800 --- [XNIO-1 I/O-1] lavalink.server.io.SocketServer          : {"sessionId":"cf5a400b87db45e43ff3b8ae1200b22d","op":"voiceUpdate","guildId":"771331659953602601","event":{"token":"a5544097031e1fa4","guild_id":"771331659953602601","endpoint":"rotterdam6012.discord.media:443"}}
2022-04-22 00:03:39.664  INFO 34800 --- [XNIO-1 I/O-1] lavalink.server.io.SocketServer          : {"sessionId":"cf5a400b87db45e43ff3b8ae1200b22d","op":"voiceUpdate","guildId":"841990439384907807","event":{"token":"f968721349f05de7","guild_id":"841990439384907807","endpoint":"rotterdam9626.discord.media:443"}}
2022-04-22 00:05:34.606  INFO 34800 --- [XNIO-1 I/O-1] lavalink.server.io.SocketServer          : Connection closed from /[0:0:0:0:0:0:0:1]:52283 -- CloseStatus[code=1006, reason=]
2022-04-22 00:05:34.607  INFO 34800 --- [XNIO-1 I/O-1] lavalink.server.io.SocketContext         : Shutting down 0 playing players.
2022-04-22 00:09:23.617  INFO 34800 --- [XNIO-1 task-44] l.server.io.HandshakeInterceptorImpl     : Incoming connection from /[0:0:0:0:0:0:0:1]:58632
2022-04-22 00:09:23.619  INFO 34800 --- [XNIO-1 task-44] lavalink.server.io.SocketServer          : Connection successfully established from erela.js
2022-04-22 00:09:53.368  INFO 34800 --- [XNIO-1 I/O-12] lavalink.server.io.SocketServer          : {"op":"volume","guildId":"841990439384907807","volume":100}
2022-04-22 00:09:53.619  INFO 34800 --- [XNIO-1 I/O-12] lavalink.server.io.SocketServer          : {"sessionId":"c6fcccc27fc0edd96804ff8749ffbea5","op":"voiceUpdate","guildId":"841990439384907807","event":{"token":"201e496221757f7f","guild_id":"841990439384907807","endpoint":"rotterdam13.discord.media:443"}}
2022-04-22 00:09:55.858  INFO 34800 --- [XNIO-1 I/O-12] lavalink.server.io.SocketServer          : Connection closed from /[0:0:0:0:0:0:0:1]:58632 -- CloseStatus[code=1006, reason=]
2022-04-22 00:09:55.858  INFO 34800 --- [XNIO-1 I/O-12] lavalink.server.io.SocketContext         : Shutting down 0 playing players.
